<?xml version="1.0" encoding="UTF-8" ?>
<testsuite tests="5" failures="5" name="TestSuite" time="5.959" errors="0" skipped="0">
  <properties>
[...]
</properties>
  <testcase classname="pageobject.test.CalendarTest" name="createResourceScheduleSession" time="2.441">
    <failure type="java.lang.ExceptionInInitializerError">java.lang.ExceptionInInitializerError
	at service.UserCreator.withCredentialsFromProperty(UserCreator.java:10)
	at pageobject.test.CalendarTest.createResourceScheduleSession(CalendarTest.java:16)
Caused by: java.lang.NullPointerException
	at java.base/java.util.ResourceBundle$CacheKey.hashCode(ResourceBundle.java:744)
	at java.base/java.util.concurrent.ConcurrentHashMap.get(ConcurrentHashMap.java:936)
	at java.base/java.util.ResourceBundle.getBundleImpl(ResourceBundle.java:1629)
	at java.base/java.util.ResourceBundle.getBundleImpl(ResourceBundle.java:1593)
	at java.base/java.util.ResourceBundle.getBundleImpl(ResourceBundle.java:1556)
	at java.base/java.util.ResourceBundle.getBundle(ResourceBundle.java:857)
	at service.TestDataReader.&lt;clinit&gt;(TestDataReader.java:4)
	... 37 more
</failure>
    <system-out>Configuring TestNG with: org.apache.maven.surefire.testng.conf.TestNG652Configurator@77f03bb1
</system-out>
    <system-err>ERROR StatusLogger No Log4j 2 configuration file found. Using default configuration (logging only errors to the console), or user programmatically provided configurations. Set system property &apos;log4j2.debug&apos; to show Log4j 2 internal initialization logging. See https://logging.apache.org/log4j/2.x/manual/configuration.html for instructions on how to configure Log4j 2
SLF4J: Failed to load class &quot;org.slf4j.impl.StaticLoggerBinder&quot;.
SLF4J: Defaulting to no-operation (NOP) logger implementation
SLF4J: See http://www.slf4j.org/codes.html#StaticLoggerBinder for further details.
нояб. 04, 2019 12:10:33 AM org.openqa.selenium.remote.DesiredCapabilities chrome
INFO: Using `new ChromeOptions()` is preferred to `DesiredCapabilities.chrome()`
Starting ChromeDriver 78.0.3904.70 (edb9c9f3de0247fd912a77b7f6cae7447f6d3ad5-refs/branch-heads/3904@{#800}) on port 21901
Only local connections are allowed.
Please protect ports used by ChromeDriver and related test frameworks to prevent access by malicious code.
[1572815437.546][WARNING]: Timed out connecting to Chrome, retrying...
нояб. 04, 2019 12:10:39 AM org.openqa.selenium.remote.ProtocolHandshake createSession
INFO: Detected dialect: W3C
[1572815441.600][WARNING]: Timed out connecting to Chrome, retrying...
</system-err>
  </testcase>
  <testcase classname="pageobject.test.CalendarTest" name="dragAndDropResource" time="2.243">
    <failure message="Could not initialize class service.TestDataReader" type="java.lang.NoClassDefFoundError">java.lang.NoClassDefFoundError: Could not initialize class service.TestDataReader
	at service.UserCreator.withCredentialsFromProperty(UserCreator.java:10)
	at pageobject.test.CalendarTest.dragAndDropResource(CalendarTest.java:30)
</failure>
    <system-err>нояб. 04, 2019 12:10:46 AM org.openqa.selenium.remote.DesiredCapabilities chrome
INFO: Using `new ChromeOptions()` is preferred to `DesiredCapabilities.chrome()`
Starting ChromeDriver 78.0.3904.70 (edb9c9f3de0247fd912a77b7f6cae7447f6d3ad5-refs/branch-heads/3904@{#800}) on port 14631
Only local connections are allowed.
Please protect ports used by ChromeDriver and related test frameworks to prevent access by malicious code.
[1572815450.052][WARNING]: Timed out connecting to Chrome, retrying...
нояб. 04, 2019 12:10:52 AM org.openqa.selenium.remote.ProtocolHandshake createSession
INFO: Detected dialect: W3C
[1572815454.080][WARNING]: Timed out connecting to Chrome, retrying...
</system-err>
  </testcase>
  <testcase classname="pageobject.test.CreateCaseTest" name="completeChecklist" time="0.432">
    <failure message="Could not initialize class service.TestDataReader" type="java.lang.NoClassDefFoundError">java.lang.NoClassDefFoundError: Could not initialize class service.TestDataReader
	at service.UserCreator.withCredentialsFromProperty(UserCreator.java:10)
	at pageobject.test.CreateCaseTest.createCase(CreateCaseTest.java:21)
	at pageobject.test.CreateCaseTest.completeChecklist(CreateCaseTest.java:37)
</failure>
    <system-err>нояб. 04, 2019 12:10:59 AM org.openqa.selenium.remote.DesiredCapabilities chrome
INFO: Using `new ChromeOptions()` is preferred to `DesiredCapabilities.chrome()`
Starting ChromeDriver 78.0.3904.70 (edb9c9f3de0247fd912a77b7f6cae7447f6d3ad5-refs/branch-heads/3904@{#800}) on port 38404
Only local connections are allowed.
Please protect ports used by ChromeDriver and related test frameworks to prevent access by malicious code.
[1572815462.314][WARNING]: Timed out connecting to Chrome, retrying...
нояб. 04, 2019 12:11:04 AM org.openqa.selenium.remote.ProtocolHandshake createSession
INFO: Detected dialect: W3C
[1572815466.343][WARNING]: Timed out connecting to Chrome, retrying...
</system-err>
  </testcase>
  <testcase classname="pageobject.test.CreateCaseTest" name="createAndSearchCase" time="0.427">
    <failure message="Could not initialize class service.TestDataReader" type="java.lang.NoClassDefFoundError">java.lang.NoClassDefFoundError: Could not initialize class service.TestDataReader
	at service.UserCreator.withCredentialsFromProperty(UserCreator.java:10)
	at pageobject.test.CreateCaseTest.createCase(CreateCaseTest.java:21)
	at pageobject.test.CreateCaseTest.createAndSearchCase(CreateCaseTest.java:28)
</failure>
    <system-err>нояб. 04, 2019 12:11:09 AM org.openqa.selenium.remote.DesiredCapabilities chrome
INFO: Using `new ChromeOptions()` is preferred to `DesiredCapabilities.chrome()`
Starting ChromeDriver 78.0.3904.70 (edb9c9f3de0247fd912a77b7f6cae7447f6d3ad5-refs/branch-heads/3904@{#800}) on port 39390
Only local connections are allowed.
Please protect ports used by ChromeDriver and related test frameworks to prevent access by malicious code.
[1572815472.751][WARNING]: Timed out connecting to Chrome, retrying...
нояб. 04, 2019 12:11:14 AM org.openqa.selenium.remote.ProtocolHandshake createSession
INFO: Detected dialect: W3C
[1572815476.789][WARNING]: Timed out connecting to Chrome, retrying...
</system-err>
  </testcase>
  <testcase classname="pageobject.test.CreateCaseTest" name="createCase" time="0.416">
    <failure message="Could not initialize class service.TestDataReader" type="java.lang.NoClassDefFoundError">java.lang.NoClassDefFoundError: Could not initialize class service.TestDataReader
	at service.UserCreator.withCredentialsFromProperty(UserCreator.java:10)
	at pageobject.test.CreateCaseTest.createCase(CreateCaseTest.java:21)
</failure>
    <system-err>нояб. 04, 2019 12:11:20 AM org.openqa.selenium.remote.DesiredCapabilities chrome
INFO: Using `new ChromeOptions()` is preferred to `DesiredCapabilities.chrome()`
Starting ChromeDriver 78.0.3904.70 (edb9c9f3de0247fd912a77b7f6cae7447f6d3ad5-refs/branch-heads/3904@{#800}) on port 6984
Only local connections are allowed.
Please protect ports used by ChromeDriver and related test frameworks to prevent access by malicious code.
[1572815483.243][WARNING]: Timed out connecting to Chrome, retrying...
нояб. 04, 2019 12:11:25 AM org.openqa.selenium.remote.ProtocolHandshake createSession
INFO: Detected dialect: W3C
[1572815487.285][WARNING]: Timed out connecting to Chrome, retrying...
</system-err>
  </testcase>
</testsuite>