<?xml version="1.0" encoding="UTF-8"?>
<!-- Generated by org.testng.reporters.JUnitXMLReporter -->
<testsuite ignored="0" hostname="DESKTOP-371D8C3" failures="5" tests="5" name="Command line test" time="57.291" errors="0" timestamp="03 нояб. 2019 21:11:30 GMT">
  <testcase classname="pageobject.test.CalendarTest" name="createResourceScheduleSession" time="1.676">
    <failure type="java.lang.ExceptionInInitializerError">
      <![CDATA[java.lang.ExceptionInInitializerError
at service.UserCreator.withCredentialsFromProperty(UserCreator.java:10)
at pageobject.test.CalendarTest.createResourceScheduleSession(CalendarTest.java:16)
Caused by: java.lang.NullPointerException
at java.base/java.util.ResourceBundle$CacheKey.hashCode(ResourceBundle.java:744)
at java.base/java.util.concurrent.ConcurrentHashMap.get(ConcurrentHashMap.java:936)
at java.base/java.util.ResourceBundle.getBundleImpl(ResourceBundle.java:1629)
at java.base/java.util.ResourceBundle.getBundleImpl(ResourceBundle.java:1593)
at java.base/java.util.ResourceBundle.getBundleImpl(ResourceBundle.java:1556)
at java.base/java.util.ResourceBundle.getBundle(ResourceBundle.java:857)
at service.TestDataReader.<clinit>(TestDataReader.java:4)
... 37 more
... Removed 35 stack frames]]>
    </failure>
  </testcase> <!-- createResourceScheduleSession -->
  <testcase classname="pageobject.test.CalendarTest" name="dragAndDropResource" time="1.505">
    <failure type="java.lang.NoClassDefFoundError" message="Could not initialize class service.TestDataReader">
      <![CDATA[java.lang.NoClassDefFoundError: Could not initialize class service.TestDataReader
at service.UserCreator.withCredentialsFromProperty(UserCreator.java:10)
at pageobject.test.CalendarTest.dragAndDropResource(CalendarTest.java:30)
... Removed 35 stack frames]]>
    </failure>
  </testcase> <!-- dragAndDropResource -->
  <testcase classname="pageobject.test.CreateCaseTest" name="completeChecklist" time="0.0">
    <failure type="java.lang.NoClassDefFoundError" message="Could not initialize class service.TestDataReader">
      <![CDATA[java.lang.NoClassDefFoundError: Could not initialize class service.TestDataReader
at service.UserCreator.withCredentialsFromProperty(UserCreator.java:10)
at pageobject.test.CreateCaseTest.createCase(CreateCaseTest.java:21)
at pageobject.test.CreateCaseTest.completeChecklist(CreateCaseTest.java:37)
... Removed 35 stack frames]]>
    </failure>
  </testcase> <!-- completeChecklist -->
  <testcase classname="pageobject.test.CreateCaseTest" name="createAndSearchCase" time="0.0">
    <failure type="java.lang.NoClassDefFoundError" message="Could not initialize class service.TestDataReader">
      <![CDATA[java.lang.NoClassDefFoundError: Could not initialize class service.TestDataReader
at service.UserCreator.withCredentialsFromProperty(UserCreator.java:10)
at pageobject.test.CreateCaseTest.createCase(CreateCaseTest.java:21)
at pageobject.test.CreateCaseTest.createAndSearchCase(CreateCaseTest.java:28)
... Removed 35 stack frames]]>
    </failure>
  </testcase> <!-- createAndSearchCase -->
  <testcase classname="pageobject.test.CreateCaseTest" name="createCase" time="0.0">
    <failure type="java.lang.NoClassDefFoundError" message="Could not initialize class service.TestDataReader">
      <![CDATA[java.lang.NoClassDefFoundError: Could not initialize class service.TestDataReader
at service.UserCreator.withCredentialsFromProperty(UserCreator.java:10)
at pageobject.test.CreateCaseTest.createCase(CreateCaseTest.java:21)
... Removed 35 stack frames]]>
    </failure>
  </testcase> <!-- createCase -->
</testsuite> <!-- Command line test -->
